  Application.cpp
C:\Users\Arnav\Documents\ARNAV\University Stuff\YR2\FGCC\DirectX-11-Framework\DX11 Framework\Matrix.cpp(15,20): warning C4018: '<': signed/unsigned mismatch
C:\Users\Arnav\Documents\ARNAV\University Stuff\YR2\FGCC\DirectX-11-Framework\DX11 Framework\Matrix.cpp(8): message : while compiling class template member function 'Matrix<int>::Matrix(unsigned int,unsigned int,const T &)'
          with
          [
              T=int
          ]
C:\Users\Arnav\Documents\ARNAV\University Stuff\YR2\FGCC\DirectX-11-Framework\DX11 Framework\Application.cpp(511): message : see reference to function template instantiation 'Matrix<int>::Matrix(unsigned int,unsigned int,const T &)' being compiled
          with
          [
              T=int
          ]
C:\Users\Arnav\Documents\ARNAV\University Stuff\YR2\FGCC\DirectX-11-Framework\DX11 Framework\Application.cpp(511): message : see reference to class template instantiation 'Matrix<int>' being compiled
C:\Users\Arnav\Documents\ARNAV\University Stuff\YR2\FGCC\DirectX-11-Framework\DX11 Framework\Matrix.cpp(19,20): warning C4018: '<': signed/unsigned mismatch
C:\Users\Arnav\Documents\ARNAV\University Stuff\YR2\FGCC\DirectX-11-Framework\DX11 Framework\Matrix.cpp(243,20): warning C4018: '<': signed/unsigned mismatch
C:\Users\Arnav\Documents\ARNAV\University Stuff\YR2\FGCC\DirectX-11-Framework\DX11 Framework\Matrix.cpp(239): message : while compiling class template member function 'void Matrix<int>::Debug(std::string)'
C:\Users\Arnav\Documents\ARNAV\University Stuff\YR2\FGCC\DirectX-11-Framework\DX11 Framework\Application.cpp(512): message : see reference to function template instantiation 'void Matrix<int>::Debug(std::string)' being compiled
C:\Users\Arnav\Documents\ARNAV\University Stuff\YR2\FGCC\DirectX-11-Framework\DX11 Framework\Matrix.cpp(245,21): warning C4018: '<': signed/unsigned mismatch
C:\Users\Arnav\Documents\ARNAV\University Stuff\YR2\FGCC\DirectX-11-Framework\DX11 Framework\Matrix.cpp(247,14): error C2064: term does not evaluate to a function taking 2 arguments
  DX11 Framework.cpp
  Matrix.cpp
  Vector3.cpp
  Generating Code...
